<?xml version="1.0" encoding="UTF-8"?>
<testsuite xmlns:xsi="http://www.w3.org/2001/XMLSchema-instance" xsi:noNamespaceSchemaLocation="https://maven.apache.org/surefire/maven-surefire-plugin/xsd/surefire-test-report.xsd" name="Maven_4.AppTest" time="0.03" tests="1" errors="0" skipped="0" failures="0">
  <properties>
    <property name="java.specification.version" value="14"/>
    <property name="sun.jnu.encoding" value="UTF-8"/>
    <property name="java.class.path" value="/Users/default/Documents/Maven/Maven-Java-Projects/Calculator/Maven_2/target/test-classes:/Users/default/Documents/Maven/Maven-Java-Projects/Calculator/Maven_2/target/classes:/Users/default/.m2/repository/org/openjfx/javafx-controls/14/javafx-controls-14.jar:/Users/default/.m2/repository/org/openjfx/javafx-controls/14/javafx-controls-14-mac.jar:/Users/default/.m2/repository/org/openjfx/javafx-graphics/14/javafx-graphics-14.jar:/Users/default/.m2/repository/org/openjfx/javafx-graphics/14/javafx-graphics-14-mac.jar:/Users/default/.m2/repository/org/openjfx/javafx-base/14/javafx-base-14.jar:/Users/default/.m2/repository/org/openjfx/javafx-base/14/javafx-base-14-mac.jar:/Users/default/.m2/repository/junit/junit/4.11/junit-4.11.jar:/Users/default/.m2/repository/org/hamcrest/hamcrest-core/1.3/hamcrest-core-1.3.jar:"/>
    <property name="java.vm.vendor" value="AdoptOpenJDK"/>
    <property name="sun.arch.data.model" value="64"/>
    <property name="java.vendor.url" value="https://adoptopenjdk.net/"/>
    <property name="os.name" value="Mac OS X"/>
    <property name="java.vm.specification.version" value="14"/>
    <property name="sun.java.launcher" value="SUN_STANDARD"/>
    <property name="user.country" value="AU"/>
    <property name="sun.boot.library.path" value="/Library/Java/JavaVirtualMachines/adoptopenjdk-14.jdk/Contents/Home/lib"/>
    <property name="sun.java.command" value="/Users/default/Documents/Maven/Maven-Java-Projects/Calculator/Maven_2/target/surefire/surefirebooter1373910831316624201.jar /Users/default/Documents/Maven/Maven-Java-Projects/Calculator/Maven_2/target/surefire 2020-05-15T12-38-02_219-jvmRun1 surefire4230287007064357790tmp surefire_013232984290600611643tmp"/>
    <property name="http.nonProxyHosts" value="local|*.local|169.254/16|*.169.254/16"/>
    <property name="jdk.debug" value="release"/>
    <property name="surefire.test.class.path" value="/Users/default/Documents/Maven/Maven-Java-Projects/Calculator/Maven_2/target/test-classes:/Users/default/Documents/Maven/Maven-Java-Projects/Calculator/Maven_2/target/classes:/Users/default/.m2/repository/org/openjfx/javafx-controls/14/javafx-controls-14.jar:/Users/default/.m2/repository/org/openjfx/javafx-controls/14/javafx-controls-14-mac.jar:/Users/default/.m2/repository/org/openjfx/javafx-graphics/14/javafx-graphics-14.jar:/Users/default/.m2/repository/org/openjfx/javafx-graphics/14/javafx-graphics-14-mac.jar:/Users/default/.m2/repository/org/openjfx/javafx-base/14/javafx-base-14.jar:/Users/default/.m2/repository/org/openjfx/javafx-base/14/javafx-base-14-mac.jar:/Users/default/.m2/repository/junit/junit/4.11/junit-4.11.jar:/Users/default/.m2/repository/org/hamcrest/hamcrest-core/1.3/hamcrest-core-1.3.jar:"/>
    <property name="sun.cpu.endian" value="little"/>
    <property name="user.home" value="/Users/default"/>
    <property name="user.language" value="en"/>
    <property name="java.specification.vendor" value="Oracle Corporation"/>
    <property name="java.version.date" value="2020-04-14"/>
    <property name="java.home" value="/Library/Java/JavaVirtualMachines/adoptopenjdk-14.jdk/Contents/Home"/>
    <property name="file.separator" value="/"/>
    <property name="basedir" value="/Users/default/Documents/Maven/Maven-Java-Projects/Calculator/Maven_2"/>
    <property name="java.vm.compressedOopsMode" value="Zero based"/>
    <property name="line.separator" value="&#10;"/>
    <property name="java.specification.name" value="Java Platform API Specification"/>
    <property name="java.vm.specification.vendor" value="Oracle Corporation"/>
    <property name="surefire.real.class.path" value="/Users/default/Documents/Maven/Maven-Java-Projects/Calculator/Maven_2/target/surefire/surefirebooter1373910831316624201.jar"/>
    <property name="sun.management.compiler" value="HotSpot 64-Bit Tiered Compilers"/>
    <property name="ftp.nonProxyHosts" value="local|*.local|169.254/16|*.169.254/16"/>
    <property name="java.runtime.version" value="14.0.1+7"/>
    <property name="user.name" value="default"/>
    <property name="path.separator" value=":"/>
    <property name="os.version" value="10.15.4"/>
    <property name="java.runtime.name" value="OpenJDK Runtime Environment"/>
    <property name="file.encoding" value="UTF-8"/>
    <property name="java.vm.name" value="OpenJDK 64-Bit Server VM"/>
    <property name="java.vendor.version" value="AdoptOpenJDK"/>
    <property name="localRepository" value="/Users/default/.m2/repository"/>
    <property name="java.vendor.url.bug" value="https://github.com/AdoptOpenJDK/openjdk-support/issues"/>
    <property name="java.io.tmpdir" value="/var/folders/9j/zjmfdndx3lq9fffyw7fp0r240000gn/T/"/>
    <property name="java.version" value="14.0.1"/>
    <property name="user.dir" value="/Users/default/Documents/Maven/Maven-Java-Projects/Calculator/Maven_2"/>
    <property name="os.arch" value="x86_64"/>
    <property name="java.vm.specification.name" value="Java Virtual Machine Specification"/>
    <property name="java.library.path" value="/Users/default/Library/Java/Extensions:/Library/Java/Extensions:/Network/Library/Java/Extensions:/System/Library/Java/Extensions:/usr/lib/java:."/>
    <property name="java.vm.info" value="mixed mode, sharing"/>
    <property name="java.vendor" value="AdoptOpenJDK"/>
    <property name="java.vm.version" value="14.0.1+7"/>
    <property name="sun.io.unicode.encoding" value="UnicodeBig"/>
    <property name="socksNonProxyHosts" value="local|*.local|169.254/16|*.169.254/16"/>
    <property name="java.class.version" value="58.0"/>
  </properties>
  <testcase name="shouldAnswerWithTrue" classname="Maven_4.AppTest" time="0.001"/>
</testsuite>